{"uid":"99964cc6f5463d72","name":"testKMS","fullName":"tests.KMSTestChrome.testKMS","historyId":"3d63005ec4c5760d2ee1211b42897026","time":{"start":1717622730182,"stop":1717622731833,"duration":1651},"status":"broken","statusMessage":"session not created: This version of ChromeDriver only supports Chrome version 114\nCurrent browser version is 125.0.6422.114 with binary path C:\\Program Files\\Google\\Chrome\\Application\\chrome.exe\nBuild info: version: '3.141.59', revision: 'e82be7d358', time: '2018-11-14T08:17:03'\nSystem info: host: 'DOSHENA', ip: '192.168.1.62', os.name: 'Windows 11', os.arch: 'amd64', os.version: '10.0', java.version: '17.0.10'\nDriver info: driver.version: ChromeDriver\nremote stacktrace: Backtrace:\n\tGetHandleVerifier [0x0040A813+48355]\n\t(No symbol) [0x0039C4B1]\n\t(No symbol) [0x002A5358]\n\t(No symbol) [0x002C61AC]\n\t(No symbol) [0x002C1EF3]\n\t(No symbol) [0x002C0579]\n\t(No symbol) [0x002F0C55]\n\t(No symbol) [0x002F093C]\n\t(No symbol) [0x002EA536]\n\t(No symbol) [0x002C82DC]\n\t(No symbol) [0x002C93DD]\n\tGetHandleVerifier [0x0066AABD+2539405]\n\tGetHandleVerifier [0x006AA78F+2800735]\n\tGetHandleVerifier [0x006A456C+2775612]\n\tGetHandleVerifier [0x004951E0+616112]\n\t(No symbol) [0x003A5F8C]\n\t(No symbol) [0x003A2328]\n\t(No symbol) [0x003A240B]\n\t(No symbol) [0x00394FF7]\n\tBaseThreadInitThunk [0x75827BA9+25]\n\tRtlInitializeExceptionChain [0x7785BE7B+107]\n\tRtlClearBits [0x7785BDFF+191]\n","statusTrace":"org.openqa.selenium.SessionNotCreatedException: session not created: This version of ChromeDriver only supports Chrome version 114\nCurrent browser version is 125.0.6422.114 with binary path C:\\Program Files\\Google\\Chrome\\Application\\chrome.exe\nBuild info: version: '3.141.59', revision: 'e82be7d358', time: '2018-11-14T08:17:03'\nSystem info: host: 'DOSHENA', ip: '192.168.1.62', os.name: 'Windows 11', os.arch: 'amd64', os.version: '10.0', java.version: '17.0.10'\nDriver info: driver.version: ChromeDriver\nremote stacktrace: Backtrace:\n\tGetHandleVerifier [0x0040A813+48355]\n\t(No symbol) [0x0039C4B1]\n\t(No symbol) [0x002A5358]\n\t(No symbol) [0x002C61AC]\n\t(No symbol) [0x002C1EF3]\n\t(No symbol) [0x002C0579]\n\t(No symbol) [0x002F0C55]\n\t(No symbol) [0x002F093C]\n\t(No symbol) [0x002EA536]\n\t(No symbol) [0x002C82DC]\n\t(No symbol) [0x002C93DD]\n\tGetHandleVerifier [0x0066AABD+2539405]\n\tGetHandleVerifier [0x006AA78F+2800735]\n\tGetHandleVerifier [0x006A456C+2775612]\n\tGetHandleVerifier [0x004951E0+616112]\n\t(No symbol) [0x003A5F8C]\n\t(No symbol) [0x003A2328]\n\t(No symbol) [0x003A240B]\n\t(No symbol) [0x00394FF7]\n\tBaseThreadInitThunk [0x75827BA9+25]\n\tRtlInitializeExceptionChain [0x7785BE7B+107]\n\tRtlClearBits [0x7785BDFF+191]\n\r\n\tat java.base/jdk.internal.reflect.NativeConstructorAccessorImpl.newInstance0(Native Method)\r\n\tat java.base/jdk.internal.reflect.NativeConstructorAccessorImpl.newInstance(NativeConstructorAccessorImpl.java:77)\r\n\tat java.base/jdk.internal.reflect.DelegatingConstructorAccessorImpl.newInstance(DelegatingConstructorAccessorImpl.java:45)\r\n\tat java.base/java.lang.reflect.Constructor.newInstanceWithCaller(Constructor.java:499)\r\n\tat java.base/java.lang.reflect.Constructor.newInstance(Constructor.java:480)\r\n\tat org.openqa.selenium.remote.W3CHandshakeResponse.lambda$errorHandler$0(W3CHandshakeResponse.java:62)\r\n\tat org.openqa.selenium.remote.HandshakeResponse.lambda$getResponseFunction$0(HandshakeResponse.java:30)\r\n\tat org.openqa.selenium.remote.ProtocolHandshake.lambda$createSession$0(ProtocolHandshake.java:126)\r\n\tat java.base/java.util.stream.ReferencePipeline$3$1.accept(ReferencePipeline.java:197)\r\n\tat java.base/java.util.Spliterators$ArraySpliterator.tryAdvance(Spliterators.java:1002)\r\n\tat java.base/java.util.stream.ReferencePipeline.forEachWithCancel(ReferencePipeline.java:129)\r\n\tat java.base/java.util.stream.AbstractPipeline.copyIntoWithCancel(AbstractPipeline.java:527)\r\n\tat java.base/java.util.stream.AbstractPipeline.copyInto(AbstractPipeline.java:513)\r\n\tat java.base/java.util.stream.AbstractPipeline.wrapAndCopyInto(AbstractPipeline.java:499)\r\n\tat java.base/java.util.stream.FindOps$FindOp.evaluateSequential(FindOps.java:150)\r\n\tat java.base/java.util.stream.AbstractPipeline.evaluate(AbstractPipeline.java:234)\r\n\tat java.base/java.util.stream.ReferencePipeline.findFirst(ReferencePipeline.java:647)\r\n\tat org.openqa.selenium.remote.ProtocolHandshake.createSession(ProtocolHandshake.java:128)\r\n\tat org.openqa.selenium.remote.ProtocolHandshake.createSession(ProtocolHandshake.java:74)\r\n\tat org.openqa.selenium.remote.HttpCommandExecutor.execute(HttpCommandExecutor.java:136)\r\n\tat org.openqa.selenium.remote.service.DriverCommandExecutor.execute(DriverCommandExecutor.java:83)\r\n\tat org.openqa.selenium.remote.RemoteWebDriver.execute(RemoteWebDriver.java:552)\r\n\tat org.openqa.selenium.remote.RemoteWebDriver.startSession(RemoteWebDriver.java:213)\r\n\tat org.openqa.selenium.remote.RemoteWebDriver.<init>(RemoteWebDriver.java:131)\r\n\tat org.openqa.selenium.chrome.ChromeDriver.<init>(ChromeDriver.java:181)\r\n\tat org.openqa.selenium.chrome.ChromeDriver.<init>(ChromeDriver.java:168)\r\n\tat org.openqa.selenium.chrome.ChromeDriver.<init>(ChromeDriver.java:123)\r\n\tat tests.KMSTestChrome.testKMS(KMSTestChrome.java:58)\r\n\tat java.base/jdk.internal.reflect.NativeMethodAccessorImpl.invoke0(Native Method)\r\n\tat java.base/jdk.internal.reflect.NativeMethodAccessorImpl.invoke(NativeMethodAccessorImpl.java:77)\r\n\tat java.base/jdk.internal.reflect.DelegatingMethodAccessorImpl.invoke(DelegatingMethodAccessorImpl.java:43)\r\n\tat java.base/java.lang.reflect.Method.invoke(Method.java:568)\r\n\tat org.testng.internal.MethodInvocationHelper.invokeMethod(MethodInvocationHelper.java:133)\r\n\tat org.testng.internal.TestInvoker.invokeMethod(TestInvoker.java:584)\r\n\tat org.testng.internal.TestInvoker.invokeTestMethod(TestInvoker.java:172)\r\n\tat org.testng.internal.MethodRunner.runInSequence(MethodRunner.java:46)\r\n\tat org.testng.internal.TestInvoker$MethodInvocationAgent.invoke(TestInvoker.java:804)\r\n\tat org.testng.internal.TestInvoker.invokeTestMethods(TestInvoker.java:145)\r\n\tat org.testng.internal.TestMethodWorker.invokeTestMethods(TestMethodWorker.java:146)\r\n\tat org.testng.internal.TestMethodWorker.run(TestMethodWorker.java:128)\r\n\tat java.base/java.util.ArrayList.forEach(ArrayList.java:1511)\r\n\tat org.testng.TestRunner.privateRun(TestRunner.java:770)\r\n\tat org.testng.TestRunner.run(TestRunner.java:591)\r\n\tat org.testng.SuiteRunner.runTest(SuiteRunner.java:402)\r\n\tat org.testng.SuiteRunner.runSequentially(SuiteRunner.java:396)\r\n\tat org.testng.SuiteRunner.privateRun(SuiteRunner.java:355)\r\n\tat org.testng.SuiteRunner.run(SuiteRunner.java:304)\r\n\tat org.testng.SuiteRunnerWorker.runSuite(SuiteRunnerWorker.java:53)\r\n\tat org.testng.SuiteRunnerWorker.run(SuiteRunnerWorker.java:96)\r\n\tat org.testng.TestNG.runSuitesSequentially(TestNG.java:1180)\r\n\tat org.testng.TestNG.runSuitesLocally(TestNG.java:1102)\r\n\tat org.testng.TestNG.runSuites(TestNG.java:1032)\r\n\tat org.testng.TestNG.run(TestNG.java:1000)\r\n\tat org.testng.remote.AbstractRemoteTestNG.run(AbstractRemoteTestNG.java:115)\r\n\tat org.testng.remote.RemoteTestNG.initAndRun(RemoteTestNG.java:251)\r\n\tat org.testng.remote.RemoteTestNG.main(RemoteTestNG.java:77)\r\n","flaky":false,"newFailed":false,"newBroken":false,"newPassed":false,"retriesCount":0,"retriesStatusChange":false,"beforeStages":[{"name":"setup","time":{"start":1717622728716,"stop":1717622730123,"duration":1407},"description":"","status":"passed","steps":[],"attachments":[],"parameters":[],"hasContent":false,"attachmentStep":false,"stepsCount":0,"shouldDisplayMessage":false,"attachmentsCount":0}],"afterStages":[{"name":"afterTest","time":{"start":1717622731886,"stop":1717622731887,"duration":1},"description":"","status":"broken","statusMessage":"Cannot invoke \"org.openqa.selenium.WebDriver.quit()\" because \"this.driver\" is null","statusTrace":"java.lang.NullPointerException: Cannot invoke \"org.openqa.selenium.WebDriver.quit()\" because \"this.driver\" is null\r\n\tat tests.KMSTestChrome.afterTest(KMSTestChrome.java:185)\r\n\tat java.base/jdk.internal.reflect.NativeMethodAccessorImpl.invoke0(Native Method)\r\n\tat java.base/jdk.internal.reflect.NativeMethodAccessorImpl.invoke(NativeMethodAccessorImpl.java:77)\r\n\tat java.base/jdk.internal.reflect.DelegatingMethodAccessorImpl.invoke(DelegatingMethodAccessorImpl.java:43)\r\n\tat java.base/java.lang.reflect.Method.invoke(Method.java:568)\r\n\tat org.testng.internal.MethodInvocationHelper.invokeMethod(MethodInvocationHelper.java:133)\r\n\tat org.testng.internal.MethodInvocationHelper.invokeMethodConsideringTimeout(MethodInvocationHelper.java:62)\r\n\tat org.testng.internal.ConfigInvoker.invokeConfigurationMethod(ConfigInvoker.java:340)\r\n\tat org.testng.internal.ConfigInvoker.invokeConfigurations(ConfigInvoker.java:294)\r\n\tat org.testng.internal.TestInvoker.runConfigMethods(TestInvoker.java:683)\r\n\tat org.testng.internal.TestInvoker.runAfterGroupsConfigurations(TestInvoker.java:658)\r\n\tat org.testng.internal.TestInvoker.invokeMethod(TestInvoker.java:642)\r\n\tat org.testng.internal.TestInvoker.invokeTestMethod(TestInvoker.java:172)\r\n\tat org.testng.internal.MethodRunner.runInSequence(MethodRunner.java:46)\r\n\tat org.testng.internal.TestInvoker$MethodInvocationAgent.invoke(TestInvoker.java:804)\r\n\tat org.testng.internal.TestInvoker.invokeTestMethods(TestInvoker.java:145)\r\n\tat org.testng.internal.TestMethodWorker.invokeTestMethods(TestMethodWorker.java:146)\r\n\tat org.testng.internal.TestMethodWorker.run(TestMethodWorker.java:128)\r\n\tat java.base/java.util.ArrayList.forEach(ArrayList.java:1511)\r\n\tat org.testng.TestRunner.privateRun(TestRunner.java:770)\r\n\tat org.testng.TestRunner.run(TestRunner.java:591)\r\n\tat org.testng.SuiteRunner.runTest(SuiteRunner.java:402)\r\n\tat org.testng.SuiteRunner.runSequentially(SuiteRunner.java:396)\r\n\tat org.testng.SuiteRunner.privateRun(SuiteRunner.java:355)\r\n\tat org.testng.SuiteRunner.run(SuiteRunner.java:304)\r\n\tat org.testng.SuiteRunnerWorker.runSuite(SuiteRunnerWorker.java:53)\r\n\tat org.testng.SuiteRunnerWorker.run(SuiteRunnerWorker.java:96)\r\n\tat org.testng.TestNG.runSuitesSequentially(TestNG.java:1180)\r\n\tat org.testng.TestNG.runSuitesLocally(TestNG.java:1102)\r\n\tat org.testng.TestNG.runSuites(TestNG.java:1032)\r\n\tat org.testng.TestNG.run(TestNG.java:1000)\r\n\tat org.testng.remote.AbstractRemoteTestNG.run(AbstractRemoteTestNG.java:115)\r\n\tat org.testng.remote.RemoteTestNG.initAndRun(RemoteTestNG.java:251)\r\n\tat org.testng.remote.RemoteTestNG.main(RemoteTestNG.java:77)\r\n","steps":[],"attachments":[],"parameters":[],"hasContent":true,"attachmentStep":false,"stepsCount":0,"shouldDisplayMessage":true,"attachmentsCount":0}],"labels":[{"name":"package","value":"tests.KMSTestChrome"},{"name":"testClass","value":"tests.KMSTestChrome"},{"name":"testMethod","value":"testKMS"},{"name":"parentSuite","value":"Default suite"},{"name":"suite","value":"Default test"},{"name":"subSuite","value":"tests.KMSTestChrome"},{"name":"host","value":"Doshena"},{"name":"thread","value":"53132@Doshena.main(1)"},{"name":"framework","value":"testng"},{"name":"language","value":"java"},{"name":"resultFormat","value":"allure2"}],"parameters":[],"links":[],"hidden":false,"retry":false,"extra":{"severity":"normal","retries":[],"categories":[{"name":"Test defects","matchedStatuses":[],"flaky":false}],"history":{"statistic":{"failed":0,"broken":3,"skipped":0,"passed":0,"unknown":0,"total":3},"items":[{"uid":"7181be84f78e8b32","reportUrl":"http://localhost:8080/job/KMS%20regression/8/allure/#testresult/7181be84f78e8b32","status":"broken","statusDetails":"session not created: This version of ChromeDriver only supports Chrome version 114\nCurrent browser version is 125.0.6422.114 with binary path C:\\Program Files\\Google\\Chrome\\Application\\chrome.exe\nBuild info: version: '3.141.59', revision: 'e82be7d358', time: '2018-11-14T08:17:03'\nSystem info: host: 'DOSHENA', ip: '192.168.1.62', os.name: 'Windows 11', os.arch: 'amd64', os.version: '10.0', java.version: '17.0.10'\nDriver info: driver.version: ChromeDriver\nremote stacktrace: Backtrace:\n\tGetHandleVerifier [0x0040A813+48355]\n\t(No symbol) [0x0039C4B1]\n\t(No symbol) [0x002A5358]\n\t(No symbol) [0x002C61AC]\n\t(No symbol) [0x002C1EF3]\n\t(No symbol) [0x002C0579]\n\t(No symbol) [0x002F0C55]\n\t(No symbol) [0x002F093C]\n\t(No symbol) [0x002EA536]\n\t(No symbol) [0x002C82DC]\n\t(No symbol) [0x002C93DD]\n\tGetHandleVerifier [0x0066AABD+2539405]\n\tGetHandleVerifier [0x006AA78F+2800735]\n\tGetHandleVerifier [0x006A456C+2775612]\n\tGetHandleVerifier [0x004951E0+616112]\n\t(No symbol) [0x003A5F8C]\n\t(No symbol) [0x003A2328]\n\t(No symbol) [0x003A240B]\n\t(No symbol) [0x00394FF7]\n\tBaseThreadInitThunk [0x75827BA9+25]\n\tRtlInitializeExceptionChain [0x7785BE7B+107]\n\tRtlClearBits [0x7785BDFF+191]\n","time":{"start":1717622730182,"stop":1717622731833,"duration":1651}},{"uid":"7b8ce9a110b5d254","reportUrl":"http://localhost:8080/job/KMS%20regression/7/allure/#testresult/7b8ce9a110b5d254","status":"broken","statusDetails":"session not created: This version of ChromeDriver only supports Chrome version 114\nCurrent browser version is 125.0.6422.114 with binary path C:\\Program Files\\Google\\Chrome\\Application\\chrome.exe\nBuild info: version: '3.141.59', revision: 'e82be7d358', time: '2018-11-14T08:17:03'\nSystem info: host: 'DOSHENA', ip: '192.168.1.62', os.name: 'Windows 11', os.arch: 'amd64', os.version: '10.0', java.version: '17.0.10'\nDriver info: driver.version: ChromeDriver\nremote stacktrace: Backtrace:\n\tGetHandleVerifier [0x0040A813+48355]\n\t(No symbol) [0x0039C4B1]\n\t(No symbol) [0x002A5358]\n\t(No symbol) [0x002C61AC]\n\t(No symbol) [0x002C1EF3]\n\t(No symbol) [0x002C0579]\n\t(No symbol) [0x002F0C55]\n\t(No symbol) [0x002F093C]\n\t(No symbol) [0x002EA536]\n\t(No symbol) [0x002C82DC]\n\t(No symbol) [0x002C93DD]\n\tGetHandleVerifier [0x0066AABD+2539405]\n\tGetHandleVerifier [0x006AA78F+2800735]\n\tGetHandleVerifier [0x006A456C+2775612]\n\tGetHandleVerifier [0x004951E0+616112]\n\t(No symbol) [0x003A5F8C]\n\t(No symbol) [0x003A2328]\n\t(No symbol) [0x003A240B]\n\t(No symbol) [0x00394FF7]\n\tBaseThreadInitThunk [0x75827BA9+25]\n\tRtlInitializeExceptionChain [0x7785BE7B+107]\n\tRtlClearBits [0x7785BDFF+191]\n","time":{"start":1717622730182,"stop":1717622731833,"duration":1651}}]},"tags":[]},"source":"99964cc6f5463d72.json","parameterValues":[]}